2026-02-03T10:10:44.8083638Z    _____                               
2026-02-03T10:10:44.8202870Z   /  _  \ __________ _________   ____  
2026-02-03T10:10:44.8202985Z  /  /_\  \\___   /  |  \_  __ \_/ __ \ 
2026-02-03T10:10:44.8203009Z /    |    \/    /|  |  /|  | \/\  ___/ 
2026-02-03T10:10:44.8203031Z \____|__  /_____ \____/ |__|    \___  >
2026-02-03T10:10:44.8203053Z         \/      \/                  \/ 
2026-02-03T10:10:44.8203082Z A P P   S E R V I C E   O N   L I N U X
2026-02-03T10:10:44.8203102Z 
2026-02-03T10:10:44.8203164Z Documentation    : http://aka.ms/webapp-linux
2026-02-03T10:10:44.8203187Z Python quickstart: https://aka.ms/python-qs
2026-02-03T10:10:44.8203213Z Python version   : 3.11.14
2026-02-03T10:10:44.8203235Z Instance Name    : lw0sdlwk000COP
2026-02-03T10:10:44.8203272Z Instance Id      : eccd1237a551ca7a712898b9f5403bc2e05d07d6f9b7df9e2aaaf7388a27f0fb
2026-02-03T10:10:44.8203293Z 
2026-02-03T10:10:44.8203338Z Note: Any data outside '/home' is not persisted
2026-02-03T10:10:50.0151999Z Starting OpenBSD Secure Shell server: sshd.
2026-02-03T10:10:50.1019147Z WEBSITES_INCLUDE_CLOUD_CERTS is not set to true.
2026-02-03T10:10:50.3537615Z Updating certificates in /etc/ssl/certs...
2026-02-03T10:11:23.0307489Z rehash: warning: skipping duplicate certificate in azl_SSL.com_TLS_ECC_Root_CA_2022.pem
2026-02-03T10:11:23.0308162Z rehash: warning: skipping duplicate certificate in azl_SSL.com_TLS_RSA_Root_CA_2022.pem
2026-02-03T10:11:23.0308194Z rehash: warning: skipping duplicate certificate in azl_Sectigo_Public_Server_Authentication_Root_E46.pem
2026-02-03T10:11:23.0902681Z rehash: warning: skipping duplicate certificate in azl_Sectigo_Public_Server_Authentication_Root_R46.pem
2026-02-03T10:11:23.1837795Z 4 added, 0 removed; done.
2026-02-03T10:11:23.1846418Z Running hooks in /etc/ca-certificates/update.d...
2026-02-03T10:11:23.2048315Z done.
2026-02-03T10:11:23.2524515Z CA certificates copied and updated successfully.
2026-02-03T10:11:23.4544341Z Site's appCommandLine: python run.py
2026-02-03T10:11:24.0556828Z Starting periodic command scheduler: cron.
2026-02-03T10:11:24.0644962Z Launching oryx with: create-script -appPath /home/site/wwwroot -output /opt/startup/startup.sh -virtualEnvName antenv -defaultApp /opt/defaultsite -userStartupCommand 'python run.py'
2026-02-03T10:11:24.2060612Z Could not find build manifest file at '/home/site/wwwroot/oryx-manifest.toml'
2026-02-03T10:11:24.2071701Z Could not find operation ID in manifest. Generating an operation id...
2026-02-03T10:11:24.2075912Z Build Operation ID: d9080fe2-452a-48e1-bd11-77cad12c050c
2026-02-03T10:11:24.7953236Z Oryx Version: 0.2.20251017.2, Commit: 482d4c55e818733ab33b9d2131f9dc485a21fd03, ReleaseTagName: 20251017.2
2026-02-03T10:11:24.8429226Z Writing output script to '/opt/startup/startup.sh'
2026-02-03T10:11:24.9474490Z WARNING: Could not find virtual environment directory /home/site/wwwroot/antenv.
2026-02-03T10:11:24.9474987Z WARNING: Could not find package directory /home/site/wwwroot/__oryx_packages__.
2026-02-03T10:11:25.1544283Z python: can't open file '/home/site/wwwroot/run.py': [Errno 2] No such file or directory
2026-02-03T10:14:44.9992388Z    _____                               
2026-02-03T10:14:45.0005175Z   /  _  \ __________ _________   ____  
2026-02-03T10:14:45.0081215Z  /  /_\  \\___   /  |  \_  __ \_/ __ \ 
2026-02-03T10:14:45.0081394Z /    |    \/    /|  |  /|  | \/\  ___/ 
2026-02-03T10:14:45.0081416Z \____|__  /_____ \____/ |__|    \___  >
2026-02-03T10:14:45.0081432Z         \/      \/                  \/ 
2026-02-03T10:14:45.0081447Z A P P   S E R V I C E   O N   L I N U X
2026-02-03T10:14:45.0081460Z 
2026-02-03T10:14:45.0081476Z Documentation    : http://aka.ms/webapp-linux
2026-02-03T10:14:45.0081498Z Python quickstart: https://aka.ms/python-qs
2026-02-03T10:14:45.0081516Z Python version   : 3.11.14
2026-02-03T10:14:45.0081591Z Instance Name    : lw0sdlwk000COP
2026-02-03T10:14:45.0081630Z Instance Id      : eccd1237a551ca7a712898b9f5403bc2e05d07d6f9b7df9e2aaaf7388a27f0fb
2026-02-03T10:14:45.0081644Z 
2026-02-03T10:14:45.0081659Z Note: Any data outside '/home' is not persisted
2026-02-03T10:14:48.1935470Z Starting OpenBSD Secure Shell server: sshd.
2026-02-03T10:14:48.1936029Z WEBSITES_INCLUDE_CLOUD_CERTS is not set to true.
2026-02-03T10:14:48.2390434Z Updating certificates in /etc/ssl/certs...
2026-02-03T10:15:31.6540359Z rehash: warning: skipping duplicate certificate in azl_SSL.com_TLS_ECC_Root_CA_2022.pem
2026-02-03T10:15:31.6821850Z rehash: warning: skipping duplicate certificate in azl_SSL.com_TLS_RSA_Root_CA_2022.pem
2026-02-03T10:15:31.7010166Z rehash: warning: skipping duplicate certificate in azl_Sectigo_Public_Server_Authentication_Root_E46.pem
2026-02-03T10:15:31.8617472Z rehash: warning: skipping duplicate certificate in azl_Sectigo_Public_Server_Authentication_Root_R46.pem
2026-02-03T10:15:32.0395404Z 4 added, 0 removed; done.
2026-02-03T10:15:32.0405126Z Running hooks in /etc/ca-certificates/update.d...
2026-02-03T10:15:32.0957217Z done.
2026-02-03T10:15:32.1753687Z CA certificates copied and updated successfully.
2026-02-03T10:15:32.5333421Z Site's appCommandLine: python run.py
2026-02-03T10:15:33.7119771Z Starting periodic command scheduler: cron.
2026-02-03T10:15:33.7233992Z Launching oryx with: create-script -appPath /home/site/wwwroot -output /opt/startup/startup.sh -virtualEnvName antenv -defaultApp /opt/defaultsite -userStartupCommand 'python run.py'
2026-02-03T10:15:34.3074966Z Could not find build manifest file at '/home/site/wwwroot/oryx-manifest.toml'
2026-02-03T10:15:34.3075656Z Could not find operation ID in manifest. Generating an operation id...
2026-02-03T10:15:34.3075679Z Build Operation ID: 7915376b-a0b8-420e-80ac-87c4a7e5aa30
2026-02-03T10:15:35.0872460Z Oryx Version: 0.2.20251017.2, Commit: 482d4c55e818733ab33b9d2131f9dc485a21fd03, ReleaseTagName: 20251017.2
2026-02-03T10:15:35.1359488Z Writing output script to '/opt/startup/startup.sh'
2026-02-03T10:15:35.2335694Z WARNING: Could not find virtual environment directory /home/site/wwwroot/antenv.
2026-02-03T10:15:35.2410604Z WARNING: Could not find package directory /home/site/wwwroot/__oryx_packages__.
2026-02-03T10:15:35.5167649Z python: can't open file '/home/site/wwwroot/run.py': [Errno 2] No such file or directory
2026-02-03T10:18:38.4494224Z    _____                               
2026-02-03T10:18:38.4494926Z   /  _  \ __________ _________   ____  
2026-02-03T10:18:38.4494960Z  /  /_\  \\___   /  |  \_  __ \_/ __ \ 
2026-02-03T10:18:38.4495188Z /    |    \/    /|  |  /|  | \/\  ___/ 
2026-02-03T10:18:38.4495210Z \____|__  /_____ \____/ |__|    \___  >
2026-02-03T10:18:38.4495225Z         \/      \/                  \/ 
2026-02-03T10:18:38.4495239Z A P P   S E R V I C E   O N   L I N U X
2026-02-03T10:18:38.4495254Z 
2026-02-03T10:18:38.4495269Z Documentation    : http://aka.ms/webapp-linux
2026-02-03T10:18:38.4495284Z Python quickstart: https://aka.ms/python-qs
2026-02-03T10:18:38.4495298Z Python version   : 3.11.14
2026-02-03T10:18:38.4495312Z Instance Name    : lw0sdlwk000COP
2026-02-03T10:18:38.4495331Z Instance Id      : eccd1237a551ca7a712898b9f5403bc2e05d07d6f9b7df9e2aaaf7388a27f0fb
2026-02-03T10:18:38.4495344Z 
2026-02-03T10:18:38.4495619Z Note: Any data outside '/home' is not persisted
2026-02-03T10:18:40.3605074Z Starting OpenBSD Secure Shell server: sshd.
2026-02-03T10:18:40.4280960Z WEBSITES_INCLUDE_CLOUD_CERTS is not set to true.
2026-02-03T10:18:40.5320200Z Updating certificates in /etc/ssl/certs...
2026-02-03T10:19:14.7947118Z rehash: warning: skipping duplicate certificate in azl_SSL.com_TLS_ECC_Root_CA_2022.pem
2026-02-03T10:19:14.8038617Z rehash: warning: skipping duplicate certificate in azl_SSL.com_TLS_RSA_Root_CA_2022.pem
2026-02-03T10:19:14.8053636Z rehash: warning: skipping duplicate certificate in azl_Sectigo_Public_Server_Authentication_Root_E46.pem
2026-02-03T10:19:14.8252878Z rehash: warning: skipping duplicate certificate in azl_Sectigo_Public_Server_Authentication_Root_R46.pem
2026-02-03T10:19:14.9356058Z 4 added, 0 removed; done.
2026-02-03T10:19:14.9436327Z Running hooks in /etc/ca-certificates/update.d...
2026-02-03T10:19:14.9632129Z done.
2026-02-03T10:19:15.0108031Z CA certificates copied and updated successfully.
2026-02-03T10:19:15.1491811Z Site's appCommandLine: python run.py
2026-02-03T10:19:15.8951204Z Starting periodic command scheduler: cron.
2026-02-03T10:19:15.8951725Z Launching oryx with: create-script -appPath /home/site/wwwroot -output /opt/startup/startup.sh -virtualEnvName antenv -defaultApp /opt/defaultsite -userStartupCommand 'python run.py'
2026-02-03T10:19:16.4390224Z Could not find build manifest file at '/home/site/wwwroot/oryx-manifest.toml'
2026-02-03T10:19:16.4560368Z Could not find operation ID in manifest. Generating an operation id...
2026-02-03T10:19:16.4653724Z Build Operation ID: de583be7-f497-484c-9a15-43503cf4e874
2026-02-03T10:19:17.0346231Z Oryx Version: 0.2.20251017.2, Commit: 482d4c55e818733ab33b9d2131f9dc485a21fd03, ReleaseTagName: 20251017.2
2026-02-03T10:19:17.0733088Z Writing output script to '/opt/startup/startup.sh'
2026-02-03T10:19:17.1607327Z WARNING: Could not find virtual environment directory /home/site/wwwroot/antenv.
2026-02-03T10:19:17.1674082Z WARNING: Could not find package directory /home/site/wwwroot/__oryx_packages__.
2026-02-03T10:19:17.6005746Z python: can't open file '/home/site/wwwroot/run.py': [Errno 2] No such file or directory
2026-02-03T10:21:36.3676452Z    _____                               
2026-02-03T10:21:36.3679288Z   /  _  \ __________ _________   ____  
2026-02-03T10:21:36.3679419Z  /  /_\  \\___   /  |  \_  __ \_/ __ \ 
2026-02-03T10:21:36.3679445Z /    |    \/    /|  |  /|  | \/\  ___/ 
2026-02-03T10:21:36.3679467Z \____|__  /_____ \____/ |__|    \___  >
2026-02-03T10:21:36.3679500Z         \/      \/                  \/ 
2026-02-03T10:21:36.3679522Z A P P   S E R V I C E   O N   L I N U X
2026-02-03T10:21:36.3679542Z 
2026-02-03T10:21:36.3679579Z Documentation    : http://aka.ms/webapp-linux
2026-02-03T10:21:36.3679635Z Python quickstart: https://aka.ms/python-qs
2026-02-03T10:21:36.3679658Z Python version   : 3.11.14
2026-02-03T10:21:36.3679680Z Instance Name    : lw0sdlwk000COP
2026-02-03T10:21:36.3679710Z Instance Id      : eccd1237a551ca7a712898b9f5403bc2e05d07d6f9b7df9e2aaaf7388a27f0fb
2026-02-03T10:21:36.3679730Z 
2026-02-03T10:21:36.3679752Z Note: Any data outside '/home' is not persisted
2026-02-03T10:21:37.9941662Z Starting OpenBSD Secure Shell server: sshd.
2026-02-03T10:21:38.0332687Z WEBSITES_INCLUDE_CLOUD_CERTS is not set to true.
2026-02-03T10:21:38.1400752Z Updating certificates in /etc/ssl/certs...
2026-02-03T10:22:14.0774251Z rehash: warning: skipping duplicate certificate in azl_SSL.com_TLS_ECC_Root_CA_2022.pem
2026-02-03T10:22:14.0867187Z rehash: warning: skipping duplicate certificate in azl_SSL.com_TLS_RSA_Root_CA_2022.pem
2026-02-03T10:22:14.0881068Z rehash: warning: skipping duplicate certificate in azl_Sectigo_Public_Server_Authentication_Root_E46.pem
2026-02-03T10:22:14.1251251Z rehash: warning: skipping duplicate certificate in azl_Sectigo_Public_Server_Authentication_Root_R46.pem
2026-02-03T10:22:14.2117830Z 4 added, 0 removed; done.
2026-02-03T10:22:14.2128248Z Running hooks in /etc/ca-certificates/update.d...
2026-02-03T10:22:14.2926649Z done.
2026-02-03T10:22:14.3577509Z CA certificates copied and updated successfully.
2026-02-03T10:22:14.4912455Z Site's appCommandLine: bash -c 'cd /home/site/wwwroot && tar -xzf output.tar.gz && python run.py'
2026-02-03T10:22:14.9556552Z Starting periodic command scheduler: cron.
2026-02-03T10:22:14.9562822Z Launching oryx with: create-script -appPath /home/site/wwwroot -output /opt/startup/startup.sh -virtualEnvName antenv -defaultApp /opt/defaultsite -userStartupCommand 'bash -c 'cd /home/site/wwwroot && tar -xzf output.tar.gz && python run.py''
2026-02-03T10:22:15.1358313Z Could not find build manifest file at '/home/site/wwwroot/oryx-manifest.toml'
2026-02-03T10:22:15.1361390Z Could not find operation ID in manifest. Generating an operation id...
2026-02-03T10:22:15.1363614Z Build Operation ID: 87ae1175-9ae4-4057-a5ef-f2e0331c654c
2026-02-03T10:22:15.6868014Z Oryx Version: 0.2.20251017.2, Commit: 482d4c55e818733ab33b9d2131f9dc485a21fd03, ReleaseTagName: 20251017.2
2026-02-03T10:22:15.7139703Z Writing output script to '/opt/startup/startup.sh'
2026-02-03T10:25:55.2041110Z    _____                               
2026-02-03T10:25:55.2041566Z   /  _  \ __________ _________   ____  
2026-02-03T10:25:55.2041593Z  /  /_\  \\___   /  |  \_  __ \_/ __ \ 
2026-02-03T10:25:55.2041609Z /    |    \/    /|  |  /|  | \/\  ___/ 
2026-02-03T10:25:55.2041624Z \____|__  /_____ \____/ |__|    \___  >
2026-02-03T10:25:55.2041639Z         \/      \/                  \/ 
2026-02-03T10:25:55.2041658Z A P P   S E R V I C E   O N   L I N U X
2026-02-03T10:25:55.2041677Z 
2026-02-03T10:25:55.2041693Z Documentation    : http://aka.ms/webapp-linux
2026-02-03T10:25:55.2041710Z Python quickstart: https://aka.ms/python-qs
2026-02-03T10:25:55.2041725Z Python version   : 3.11.14
2026-02-03T10:25:55.2041856Z Instance Name    : lw0sdlwk000COP
2026-02-03T10:25:55.2041880Z Instance Id      : eccd1237a551ca7a712898b9f5403bc2e05d07d6f9b7df9e2aaaf7388a27f0fb
2026-02-03T10:25:55.2041893Z 
2026-02-03T10:25:55.2041909Z Note: Any data outside '/home' is not persisted
2026-02-03T10:25:58.6945393Z Starting OpenBSD Secure Shell server: sshd.
2026-02-03T10:25:58.7151718Z WEBSITES_INCLUDE_CLOUD_CERTS is not set to true.
2026-02-03T10:25:58.7835580Z Updating certificates in /etc/ssl/certs...
2026-02-03T10:26:43.6426319Z rehash: warning: skipping duplicate certificate in azl_SSL.com_TLS_ECC_Root_CA_2022.pem
2026-02-03T10:26:43.6435131Z rehash: warning: skipping duplicate certificate in azl_SSL.com_TLS_RSA_Root_CA_2022.pem
2026-02-03T10:26:43.6441150Z rehash: warning: skipping duplicate certificate in azl_Sectigo_Public_Server_Authentication_Root_E46.pem
2026-02-03T10:26:43.6745832Z rehash: warning: skipping duplicate certificate in azl_Sectigo_Public_Server_Authentication_Root_R46.pem
2026-02-03T10:26:43.7195284Z 4 added, 0 removed; done.
2026-02-03T10:26:43.7196870Z Running hooks in /etc/ca-certificates/update.d...
2026-02-03T10:26:43.7280874Z done.
2026-02-03T10:26:43.7476118Z CA certificates copied and updated successfully.
2026-02-03T10:26:43.8747786Z Site's appCommandLine: bash -c 'cd /home/site/wwwroot && tar -xzf output.tar.gz && python run.py'
2026-02-03T10:26:44.3328536Z Starting periodic command scheduler: cron.
2026-02-03T10:26:44.3333549Z Launching oryx with: create-script -appPath /home/site/wwwroot -output /opt/startup/startup.sh -virtualEnvName antenv -defaultApp /opt/defaultsite -userStartupCommand 'bash -c 'cd /home/site/wwwroot && tar -xzf output.tar.gz && python run.py''
2026-02-03T10:26:44.5403607Z Could not find build manifest file at '/home/site/wwwroot/oryx-manifest.toml'
2026-02-03T10:26:44.5404837Z Could not find operation ID in manifest. Generating an operation id...
2026-02-03T10:26:44.5491485Z Build Operation ID: bed7b3da-68fa-4e4f-96c8-4b729e847f2a
2026-02-03T10:26:45.2069413Z Oryx Version: 0.2.20251017.2, Commit: 482d4c55e818733ab33b9d2131f9dc485a21fd03, ReleaseTagName: 20251017.2
2026-02-03T10:26:45.2261913Z Writing output script to '/opt/startup/startup.sh'
2026-02-03T10:35:13.2925751Z    _____                               
2026-02-03T10:35:13.2927890Z   /  _  \ __________ _________   ____  
2026-02-03T10:35:13.2928110Z  /  /_\  \\___   /  |  \_  __ \_/ __ \ 
2026-02-03T10:35:13.2928138Z /    |    \/    /|  |  /|  | \/\  ___/ 
2026-02-03T10:35:13.2928161Z \____|__  /_____ \____/ |__|    \___  >
2026-02-03T10:35:13.2928193Z         \/      \/                  \/ 
2026-02-03T10:35:13.2928216Z A P P   S E R V I C E   O N   L I N U X
2026-02-03T10:35:13.2928236Z 
2026-02-03T10:35:13.2928273Z Documentation    : http://aka.ms/webapp-linux
2026-02-03T10:35:13.2928374Z Python quickstart: https://aka.ms/python-qs
2026-02-03T10:35:13.2928399Z Python version   : 3.11.14
2026-02-03T10:35:13.2928422Z Instance Name    : lw0sdlwk000COP
2026-02-03T10:35:13.2928450Z Instance Id      : eccd1237a551ca7a712898b9f5403bc2e05d07d6f9b7df9e2aaaf7388a27f0fb
2026-02-03T10:35:13.2928470Z 
2026-02-03T10:35:13.2928492Z Note: Any data outside '/home' is not persisted
2026-02-03T10:35:14.3967346Z Starting OpenBSD Secure Shell server: sshd.
2026-02-03T10:35:14.4304556Z WEBSITES_INCLUDE_CLOUD_CERTS is not set to true.
2026-02-03T10:35:14.5660272Z Updating certificates in /etc/ssl/certs...
2026-02-03T10:35:45.2049171Z rehash: warning: skipping duplicate certificate in azl_SSL.com_TLS_ECC_Root_CA_2022.pem
2026-02-03T10:35:45.2239557Z rehash: warning: skipping duplicate certificate in azl_SSL.com_TLS_RSA_Root_CA_2022.pem
2026-02-03T10:35:45.2240086Z rehash: warning: skipping duplicate certificate in azl_Sectigo_Public_Server_Authentication_Root_E46.pem
2026-02-03T10:35:45.2715261Z rehash: warning: skipping duplicate certificate in azl_Sectigo_Public_Server_Authentication_Root_R46.pem
2026-02-03T10:35:45.5104378Z 4 added, 0 removed; done.
2026-02-03T10:35:45.5123174Z Running hooks in /etc/ca-certificates/update.d...
2026-02-03T10:35:45.5328281Z done.
2026-02-03T10:35:45.5897040Z CA certificates copied and updated successfully.
2026-02-03T10:35:45.7770642Z Site's appCommandLine: bash -c 'cd /home/site/wwwroot && tar -xzf output.tar.gz && /home/site/wwwroot/antenv/bin/python run.py'
2026-02-03T10:35:46.4891879Z Starting periodic command scheduler: cron.
2026-02-03T10:35:46.4989168Z Launching oryx with: create-script -appPath /home/site/wwwroot -output /opt/startup/startup.sh -virtualEnvName antenv -defaultApp /opt/defaultsite -userStartupCommand 'bash -c 'cd /home/site/wwwroot && tar -xzf output.tar.gz && /home/site/wwwroot/antenv/bin/python run.py''
2026-02-03T10:35:46.9254763Z Could not find build manifest file at '/home/site/wwwroot/oryx-manifest.toml'
2026-02-03T10:35:46.9334226Z Could not find operation ID in manifest. Generating an operation id...
2026-02-03T10:35:46.9439617Z Build Operation ID: eecda82d-0efe-4dac-9f61-7c8e0da1203d
2026-02-03T10:35:47.4998202Z Oryx Version: 0.2.20251017.2, Commit: 482d4c55e818733ab33b9d2131f9dc485a21fd03, ReleaseTagName: 20251017.2
2026-02-03T10:35:47.5781113Z Writing output script to '/opt/startup/startup.sh'
2026-02-03T10:46:35.7135895Z    _____                               
2026-02-03T10:46:35.7199454Z   /  _  \ __________ _________   ____  
2026-02-03T10:46:35.7199716Z  /  /_\  \\___   /  |  \_  __ \_/ __ \ 
2026-02-03T10:46:35.7199746Z /    |    \/    /|  |  /|  | \/\  ___/ 
2026-02-03T10:46:35.7199770Z \____|__  /_____ \____/ |__|    \___  >
2026-02-03T10:46:35.7199815Z         \/      \/                  \/ 
2026-02-03T10:46:35.7199914Z A P P   S E R V I C E   O N   L I N U X
2026-02-03T10:46:35.7199935Z 
2026-02-03T10:46:35.7199964Z Documentation    : http://aka.ms/webapp-linux
2026-02-03T10:46:35.7199989Z Python quickstart: https://aka.ms/python-qs
2026-02-03T10:46:35.7200011Z Python version   : 3.11.14
2026-02-03T10:46:35.7200034Z Instance Name    : lw0sdlwk000COP
2026-02-03T10:46:35.7200100Z Instance Id      : eccd1237a551ca7a712898b9f5403bc2e05d07d6f9b7df9e2aaaf7388a27f0fb
2026-02-03T10:46:35.7200121Z 
2026-02-03T10:46:35.7200143Z Note: Any data outside '/home' is not persisted
2026-02-03T10:46:37.7687296Z Starting OpenBSD Secure Shell server: sshd.
2026-02-03T10:46:37.7970558Z WEBSITES_INCLUDE_CLOUD_CERTS is not set to true.
2026-02-03T10:46:37.8774372Z Updating certificates in /etc/ssl/certs...
2026-02-03T10:47:23.7659885Z rehash: warning: skipping duplicate certificate in azl_SSL.com_TLS_ECC_Root_CA_2022.pem
2026-02-03T10:47:23.7758146Z rehash: warning: skipping duplicate certificate in azl_SSL.com_TLS_RSA_Root_CA_2022.pem
2026-02-03T10:47:23.7864162Z rehash: warning: skipping duplicate certificate in azl_Sectigo_Public_Server_Authentication_Root_E46.pem
2026-02-03T10:47:23.8213889Z rehash: warning: skipping duplicate certificate in azl_Sectigo_Public_Server_Authentication_Root_R46.pem
2026-02-03T10:47:24.0448292Z 4 added, 0 removed; done.
2026-02-03T10:47:24.0449178Z Running hooks in /etc/ca-certificates/update.d...
2026-02-03T10:47:24.0841261Z done.
2026-02-03T10:47:24.1614956Z CA certificates copied and updated successfully.
2026-02-03T10:47:24.5250705Z Site's appCommandLine: bash -c "cd /home/site/wwwroot && tar -xzf output.tar.gz && /home/site/wwwroot/antenv/bin/python run.py"
2026-02-03T10:47:25.6028714Z Starting periodic command scheduler: cron.
2026-02-03T10:47:25.6040905Z Launching oryx with: create-script -appPath /home/site/wwwroot -output /opt/startup/startup.sh -virtualEnvName antenv -defaultApp /opt/defaultsite -userStartupCommand 'bash -c "cd /home/site/wwwroot && tar -xzf output.tar.gz && /home/site/wwwroot/antenv/bin/python run.py"'
2026-02-03T10:47:26.0379937Z Could not find build manifest file at '/home/site/wwwroot/oryx-manifest.toml'
2026-02-03T10:47:26.0384425Z Could not find operation ID in manifest. Generating an operation id...
2026-02-03T10:47:26.0477552Z Build Operation ID: e8e809d1-5b46-43d3-9380-00d4a12de02f
2026-02-03T10:47:27.0129282Z Oryx Version: 0.2.20251017.2, Commit: 482d4c55e818733ab33b9d2131f9dc485a21fd03, ReleaseTagName: 20251017.2
2026-02-03T10:47:27.1456388Z Writing output script to '/opt/startup/startup.sh'
2026-02-03T10:47:28.6296987Z Using packages from virtual environment antenv located at /home/site/wwwroot/antenv.
2026-02-03T10:47:28.6297841Z Updated PYTHONPATH to '/opt/startup/app_logs:/home/site/wwwroot/antenv/lib/python3.11/site-packages'
2026-02-03T10:57:37.0926061Z    _____                               
2026-02-03T10:57:37.0930307Z   /  _  \ __________ _________   ____  
2026-02-03T10:57:37.0930453Z  /  /_\  \\___   /  |  \_  __ \_/ __ \ 
2026-02-03T10:57:37.0930559Z /    |    \/    /|  |  /|  | \/\  ___/ 
2026-02-03T10:57:37.0930580Z \____|__  /_____ \____/ |__|    \___  >
2026-02-03T10:57:37.0930608Z         \/      \/                  \/ 
2026-02-03T10:57:37.0930627Z A P P   S E R V I C E   O N   L I N U X
2026-02-03T10:57:37.0930646Z 
2026-02-03T10:57:37.0930675Z Documentation    : http://aka.ms/webapp-linux
2026-02-03T10:57:37.0930729Z Python quickstart: https://aka.ms/python-qs
2026-02-03T10:57:37.0930748Z Python version   : 3.11.14
2026-02-03T10:57:37.0930767Z Instance Name    : lw0sdlwk000COP
2026-02-03T10:57:37.0930793Z Instance Id      : eccd1237a551ca7a712898b9f5403bc2e05d07d6f9b7df9e2aaaf7388a27f0fb
2026-02-03T10:57:37.0930810Z 
2026-02-03T10:57:37.0930829Z Note: Any data outside '/home' is not persisted
2026-02-03T10:57:39.1753572Z Starting OpenBSD Secure Shell server: sshd.
2026-02-03T10:57:39.1966150Z WEBSITES_INCLUDE_CLOUD_CERTS is not set to true.
2026-02-03T10:57:39.2646877Z Updating certificates in /etc/ssl/certs...
2026-02-03T10:58:14.1013080Z rehash: warning: skipping duplicate certificate in azl_SSL.com_TLS_ECC_Root_CA_2022.pem
2026-02-03T10:58:14.1106031Z rehash: warning: skipping duplicate certificate in azl_SSL.com_TLS_RSA_Root_CA_2022.pem
2026-02-03T10:58:14.1206857Z rehash: warning: skipping duplicate certificate in azl_Sectigo_Public_Server_Authentication_Root_E46.pem
2026-02-03T10:58:14.1516417Z rehash: warning: skipping duplicate certificate in azl_Sectigo_Public_Server_Authentication_Root_R46.pem
2026-02-03T10:58:14.2724594Z 4 added, 0 removed; done.
2026-02-03T10:58:14.2729650Z Running hooks in /etc/ca-certificates/update.d...
2026-02-03T10:58:14.2897595Z done.
2026-02-03T10:58:14.3215958Z CA certificates copied and updated successfully.
2026-02-03T10:58:14.6757794Z Site's appCommandLine: bash -c "cd /home/site/wwwroot && /home/site/wwwroot/antenv/bin/python run.py"
2026-02-03T10:58:15.1996779Z Starting periodic command scheduler: cron.
2026-02-03T10:58:15.2009428Z Launching oryx with: create-script -appPath /home/site/wwwroot -output /opt/startup/startup.sh -virtualEnvName antenv -defaultApp /opt/defaultsite -userStartupCommand 'bash -c "cd /home/site/wwwroot && /home/site/wwwroot/antenv/bin/python run.py"'
2026-02-03T10:58:15.5340499Z Could not find build manifest file at '/home/site/wwwroot/oryx-manifest.toml'
2026-02-03T10:58:15.5530409Z Could not find operation ID in manifest. Generating an operation id...
2026-02-03T10:58:15.5635965Z Build Operation ID: 949e2383-867c-4eb3-b4f7-ba7080b8b5e5
2026-02-03T10:58:15.9987557Z Oryx Version: 0.2.20251017.2, Commit: 482d4c55e818733ab33b9d2131f9dc485a21fd03, ReleaseTagName: 20251017.2
2026-02-03T10:58:16.0675035Z Writing output script to '/opt/startup/startup.sh'
2026-02-03T10:58:16.5095668Z Using packages from virtual environment antenv located at /home/site/wwwroot/antenv.
2026-02-03T10:58:16.5109980Z Updated PYTHONPATH to '/opt/startup/app_logs:/home/site/wwwroot/antenv/lib/python3.11/site-packages'
2026-02-03T10:58:17.1898274Z /home/site/wwwroot/antenv/bin/python: can't open file '/home/site/wwwroot/run.py': [Errno 2] No such file or directory
2026-02-03T11:15:55.1810325Z    _____                               
2026-02-03T11:15:55.1813655Z   /  _  \ __________ _________   ____  
2026-02-03T11:15:55.1813769Z  /  /_\  \\___   /  |  \_  __ \_/ __ \ 
2026-02-03T11:15:55.1813790Z /    |    \/    /|  |  /|  | \/\  ___/ 
2026-02-03T11:15:55.1814331Z \____|__  /_____ \____/ |__|    \___  >
2026-02-03T11:15:55.1814371Z         \/      \/                  \/ 
2026-02-03T11:15:55.1814392Z A P P   S E R V I C E   O N   L I N U X
2026-02-03T11:15:55.1814406Z 
2026-02-03T11:15:55.1814542Z Documentation    : http://aka.ms/webapp-linux
2026-02-03T11:15:55.1814560Z Python quickstart: https://aka.ms/python-qs
2026-02-03T11:15:55.1814575Z Python version   : 3.11.14
2026-02-03T11:15:55.1814591Z Instance Name    : lw0sdlwk000COP
2026-02-03T11:15:55.1814623Z Instance Id      : eccd1237a551ca7a712898b9f5403bc2e05d07d6f9b7df9e2aaaf7388a27f0fb
2026-02-03T11:15:55.1814636Z 
2026-02-03T11:15:55.1814652Z Note: Any data outside '/home' is not persisted
2026-02-03T11:15:57.6768669Z Starting OpenBSD Secure Shell server: sshd.
2026-02-03T11:15:57.7230897Z WEBSITES_INCLUDE_CLOUD_CERTS is not set to true.
2026-02-03T11:15:57.8044621Z Updating certificates in /etc/ssl/certs...
2026-02-03T11:16:31.1937078Z rehash: warning: skipping duplicate certificate in azl_SSL.com_TLS_ECC_Root_CA_2022.pem
2026-02-03T11:16:31.1954322Z rehash: warning: skipping duplicate certificate in azl_SSL.com_TLS_RSA_Root_CA_2022.pem
2026-02-03T11:16:31.2038946Z rehash: warning: skipping duplicate certificate in azl_Sectigo_Public_Server_Authentication_Root_E46.pem
2026-02-03T11:16:31.2229564Z rehash: warning: skipping duplicate certificate in azl_Sectigo_Public_Server_Authentication_Root_R46.pem
2026-02-03T11:16:31.2984286Z 4 added, 0 removed; done.
2026-02-03T11:16:31.2996009Z Running hooks in /etc/ca-certificates/update.d...
2026-02-03T11:16:31.3089648Z done.
2026-02-03T11:16:31.3301763Z CA certificates copied and updated successfully.
2026-02-03T11:16:31.4841441Z Site's appCommandLine: bash -c "cd /home/site/wwwroot && /home/site/wwwroot/antenv/bin/python run.py"
2026-02-03T11:16:31.9239454Z Starting periodic command scheduler: cron.
2026-02-03T11:16:31.9437368Z Launching oryx with: create-script -appPath /home/site/wwwroot -output /opt/startup/startup.sh -virtualEnvName antenv -defaultApp /opt/defaultsite -userStartupCommand 'bash -c "cd /home/site/wwwroot && /home/site/wwwroot/antenv/bin/python run.py"'
2026-02-03T11:16:32.3768032Z Could not find build manifest file at '/home/site/wwwroot/oryx-manifest.toml'
2026-02-03T11:16:32.3853701Z Could not find operation ID in manifest. Generating an operation id...
2026-02-03T11:16:32.3869768Z Build Operation ID: 73a512e3-ae11-4f28-8980-a00184e2f5c4
2026-02-03T11:16:33.2950819Z Oryx Version: 0.2.20251017.2, Commit: 482d4c55e818733ab33b9d2131f9dc485a21fd03, ReleaseTagName: 20251017.2
2026-02-03T11:16:33.3815716Z Writing output script to '/opt/startup/startup.sh'
2026-02-03T11:16:34.3925881Z Using packages from virtual environment antenv located at /home/site/wwwroot/antenv.
2026-02-03T11:16:34.3929916Z Updated PYTHONPATH to '/opt/startup/app_logs:/home/site/wwwroot/antenv/lib/python3.11/site-packages'
2026-02-03T11:16:34.9933150Z /home/site/wwwroot/antenv/bin/python: can't open file '/home/site/wwwroot/run.py': [Errno 2] No such file or directory
2026-02-03T11:30:24.6568217Z    _____                               
2026-02-03T11:30:24.6569114Z   /  _  \ __________ _________   ____  
2026-02-03T11:30:24.6569201Z  /  /_\  \\___   /  |  \_  __ \_/ __ \ 
2026-02-03T11:30:24.6569218Z /    |    \/    /|  |  /|  | \/\  ___/ 
2026-02-03T11:30:24.6569233Z \____|__  /_____ \____/ |__|    \___  >
2026-02-03T11:30:24.6569247Z         \/      \/                  \/ 
2026-02-03T11:30:24.6569262Z A P P   S E R V I C E   O N   L I N U X
2026-02-03T11:30:24.6569275Z 
2026-02-03T11:30:24.6569292Z Documentation    : http://aka.ms/webapp-linux
2026-02-03T11:30:24.6569307Z Python quickstart: https://aka.ms/python-qs
2026-02-03T11:30:24.6569322Z Python version   : 3.11.14
2026-02-03T11:30:24.6569337Z Instance Name    : lw0sdlwk000COP
2026-02-03T11:30:24.6569357Z Instance Id      : eccd1237a551ca7a712898b9f5403bc2e05d07d6f9b7df9e2aaaf7388a27f0fb
2026-02-03T11:30:24.6569395Z 
2026-02-03T11:30:24.6569411Z Note: Any data outside '/home' is not persisted
2026-02-03T11:30:25.1813324Z Starting OpenBSD Secure Shell server: sshd.
2026-02-03T11:30:25.2347116Z WEBSITES_INCLUDE_CLOUD_CERTS is not set to true.
2026-02-03T11:30:25.4258328Z Updating certificates in /etc/ssl/certs...
2026-02-03T11:30:57.5154243Z rehash: warning: skipping duplicate certificate in azl_SSL.com_TLS_ECC_Root_CA_2022.pem
2026-02-03T11:30:57.5171121Z rehash: warning: skipping duplicate certificate in azl_SSL.com_TLS_RSA_Root_CA_2022.pem
2026-02-03T11:30:57.5251716Z rehash: warning: skipping duplicate certificate in azl_Sectigo_Public_Server_Authentication_Root_E46.pem
2026-02-03T11:30:57.5443155Z rehash: warning: skipping duplicate certificate in azl_Sectigo_Public_Server_Authentication_Root_R46.pem
2026-02-03T11:30:57.6046278Z 4 added, 0 removed; done.
2026-02-03T11:30:57.6062664Z Running hooks in /etc/ca-certificates/update.d...
2026-02-03T11:30:57.6242283Z done.
2026-02-03T11:30:57.6448842Z CA certificates copied and updated successfully.
2026-02-03T11:30:57.7736532Z Site's appCommandLine: bash -c "cd /home/site/wwwroot && /home/site/wwwroot/antenv/bin/python run.py"
2026-02-03T11:30:58.3893408Z Starting periodic command scheduler: cron.
2026-02-03T11:30:58.4093529Z Launching oryx with: create-script -appPath /home/site/wwwroot -output /opt/startup/startup.sh -virtualEnvName antenv -defaultApp /opt/defaultsite -userStartupCommand 'bash -c "cd /home/site/wwwroot && /home/site/wwwroot/antenv/bin/python run.py"'
2026-02-03T11:30:58.6830831Z Could not find build manifest file at '/home/site/wwwroot/oryx-manifest.toml'
2026-02-03T11:30:58.6833659Z Could not find operation ID in manifest. Generating an operation id...
2026-02-03T11:30:58.6841240Z Build Operation ID: 41930b43-41e2-4ede-b753-7b43e7f1306b
2026-02-03T11:30:59.8229380Z Oryx Version: 0.2.20251017.2, Commit: 482d4c55e818733ab33b9d2131f9dc485a21fd03, ReleaseTagName: 20251017.2
2026-02-03T11:30:59.9156690Z Writing output script to '/opt/startup/startup.sh'
2026-02-03T11:31:00.7309246Z Using packages from virtual environment antenv located at /home/site/wwwroot/antenv.
2026-02-03T11:31:00.7392057Z Updated PYTHONPATH to '/opt/startup/app_logs:/home/site/wwwroot/antenv/lib/python3.11/site-packages'
2026-02-03T11:31:01.1255813Z /home/site/wwwroot/antenv/bin/python: can't open file '/home/site/wwwroot/run.py': [Errno 2] No such file or directory
2026-02-03T11:33:58.6896208Z    _____                               
2026-02-03T11:33:58.6898704Z   /  _  \ __________ _________   ____  
2026-02-03T11:33:58.6898748Z  /  /_\  \\___   /  |  \_  __ \_/ __ \ 
2026-02-03T11:33:58.6898779Z /    |    \/    /|  |  /|  | \/\  ___/ 
2026-02-03T11:33:58.6898803Z \____|__  /_____ \____/ |__|    \___  >
2026-02-03T11:33:58.6898915Z         \/      \/                  \/ 
2026-02-03T11:33:58.6898938Z A P P   S E R V I C E   O N   L I N U X
2026-02-03T11:33:58.6898959Z 
2026-02-03T11:33:58.6898988Z Documentation    : http://aka.ms/webapp-linux
2026-02-03T11:33:58.6899013Z Python quickstart: https://aka.ms/python-qs
2026-02-03T11:33:58.6899035Z Python version   : 3.11.14
2026-02-03T11:33:58.6899096Z Instance Name    : lw0sdlwk000COP
2026-02-03T11:33:58.6899123Z Instance Id      : eccd1237a551ca7a712898b9f5403bc2e05d07d6f9b7df9e2aaaf7388a27f0fb
2026-02-03T11:33:58.6899145Z 
2026-02-03T11:33:58.6899166Z Note: Any data outside '/home' is not persisted
2026-02-03T11:34:01.6660052Z Starting OpenBSD Secure Shell server: sshd.
2026-02-03T11:34:01.7069286Z WEBSITES_INCLUDE_CLOUD_CERTS is not set to true.
2026-02-03T11:34:02.0407502Z Updating certificates in /etc/ssl/certs...
2026-02-03T11:34:34.3612339Z rehash: warning: skipping duplicate certificate in azl_SSL.com_TLS_ECC_Root_CA_2022.pem
2026-02-03T11:34:34.3627881Z rehash: warning: skipping duplicate certificate in azl_SSL.com_TLS_RSA_Root_CA_2022.pem
2026-02-03T11:34:34.3637021Z rehash: warning: skipping duplicate certificate in azl_Sectigo_Public_Server_Authentication_Root_E46.pem
2026-02-03T11:34:34.3876577Z rehash: warning: skipping duplicate certificate in azl_Sectigo_Public_Server_Authentication_Root_R46.pem
2026-02-03T11:34:34.4754533Z 4 added, 0 removed; done.
2026-02-03T11:34:34.4827895Z Running hooks in /etc/ca-certificates/update.d...
2026-02-03T11:34:34.5122151Z done.
2026-02-03T11:34:34.5316835Z CA certificates copied and updated successfully.
2026-02-03T11:34:34.7510031Z Site's appCommandLine: python run.py
2026-02-03T11:34:35.3461405Z Starting periodic command scheduler: cron.
2026-02-03T11:34:35.3471291Z Launching oryx with: create-script -appPath /home/site/wwwroot -output /opt/startup/startup.sh -virtualEnvName antenv -defaultApp /opt/defaultsite -userStartupCommand 'python run.py'
2026-02-03T11:34:35.3949741Z Could not find build manifest file at '/home/site/wwwroot/oryx-manifest.toml'
2026-02-03T11:34:35.4036953Z Could not find operation ID in manifest. Generating an operation id...
2026-02-03T11:34:35.4048947Z Build Operation ID: 7efb6f5c-c806-4c6d-9a83-4e7af32ef9c2
2026-02-03T11:34:36.2350994Z Oryx Version: 0.2.20251017.2, Commit: 482d4c55e818733ab33b9d2131f9dc485a21fd03, ReleaseTagName: 20251017.2
2026-02-03T11:34:36.2764695Z Writing output script to '/opt/startup/startup.sh'
2026-02-03T11:34:36.7925471Z Using packages from virtual environment antenv located at /home/site/wwwroot/antenv.
2026-02-03T11:34:36.8020956Z Updated PYTHONPATH to '/opt/startup/app_logs:/home/site/wwwroot/antenv/lib/python3.11/site-packages'
2026-02-03T11:34:37.1556109Z python: can't open file '/home/site/wwwroot/run.py': [Errno 2] No such file or directory
2026-02-03T11:34:52.6804668Z    _____                               
2026-02-03T11:34:52.6805376Z   /  _  \ __________ _________   ____  
2026-02-03T11:34:52.6805400Z  /  /_\  \\___   /  |  \_  __ \_/ __ \ 
2026-02-03T11:34:52.6805416Z /    |    \/    /|  |  /|  | \/\  ___/ 
2026-02-03T11:34:52.6805432Z \____|__  /_____ \____/ |__|    \___  >
2026-02-03T11:34:52.6805456Z         \/      \/                  \/ 
2026-02-03T11:34:52.6805588Z A P P   S E R V I C E   O N   L I N U X
2026-02-03T11:34:52.6805605Z 
2026-02-03T11:34:52.6805621Z Documentation    : http://aka.ms/webapp-linux
2026-02-03T11:34:52.6805637Z Python quickstart: https://aka.ms/python-qs
2026-02-03T11:34:52.6805651Z Python version   : 3.11.14
2026-02-03T11:34:52.6805666Z Instance Name    : lw0sdlwk000COP
2026-02-03T11:34:52.6805685Z Instance Id      : eccd1237a551ca7a712898b9f5403bc2e05d07d6f9b7df9e2aaaf7388a27f0fb
2026-02-03T11:34:52.6805698Z 
2026-02-03T11:34:52.6805714Z Note: Any data outside '/home' is not persisted
2026-02-03T11:34:55.5509201Z Starting OpenBSD Secure Shell server: sshd.
2026-02-03T11:34:55.6288533Z WEBSITES_INCLUDE_CLOUD_CERTS is not set to true.
2026-02-03T11:34:55.7173844Z Updating certificates in /etc/ssl/certs...
2026-02-03T11:35:22.8717417Z rehash: warning: skipping duplicate certificate in azl_SSL.com_TLS_ECC_Root_CA_2022.pem
2026-02-03T11:35:22.8824420Z rehash: warning: skipping duplicate certificate in azl_SSL.com_TLS_RSA_Root_CA_2022.pem
2026-02-03T11:35:22.9000794Z rehash: warning: skipping duplicate certificate in azl_Sectigo_Public_Server_Authentication_Root_E46.pem
2026-02-03T11:35:22.9196559Z rehash: warning: skipping duplicate certificate in azl_Sectigo_Public_Server_Authentication_Root_R46.pem
2026-02-03T11:35:22.9622530Z 4 added, 0 removed; done.
2026-02-03T11:35:22.9668633Z Running hooks in /etc/ca-certificates/update.d...
2026-02-03T11:35:22.9767344Z done.
2026-02-03T11:35:23.0157131Z CA certificates copied and updated successfully.
2026-02-03T11:35:23.1411730Z Site's appCommandLine: python run.py
2026-02-03T11:35:23.6898492Z Starting periodic command scheduler: cron.
2026-02-03T11:35:23.6907819Z Launching oryx with: create-script -appPath /home/site/wwwroot -output /opt/startup/startup.sh -virtualEnvName antenv -defaultApp /opt/defaultsite -userStartupCommand 'python run.py'
2026-02-03T11:35:23.7561135Z Could not find build manifest file at '/home/site/wwwroot/oryx-manifest.toml'
2026-02-03T11:35:23.7567734Z Could not find operation ID in manifest. Generating an operation id...
2026-02-03T11:35:23.7572992Z Build Operation ID: 65687938-edd1-431a-b13d-8d84024382dd
2026-02-03T11:35:24.3536386Z Oryx Version: 0.2.20251017.2, Commit: 482d4c55e818733ab33b9d2131f9dc485a21fd03, ReleaseTagName: 20251017.2
2026-02-03T11:35:24.4136993Z Writing output script to '/opt/startup/startup.sh'
2026-02-03T11:35:24.7115104Z Using packages from virtual environment antenv located at /home/site/wwwroot/antenv.
2026-02-03T11:35:24.7191072Z Updated PYTHONPATH to '/opt/startup/app_logs:/home/site/wwwroot/antenv/lib/python3.11/site-packages'
2026-02-03T11:35:24.9558148Z python: can't open file '/home/site/wwwroot/run.py': [Errno 2] No such file or directory
2026-02-03T11:51:59.2747026Z    _____                               
2026-02-03T11:51:59.2762936Z   /  _  \ __________ _________   ____  
2026-02-03T11:51:59.2765460Z  /  /_\  \\___   /  |  \_  __ \_/ __ \ 
2026-02-03T11:51:59.2838412Z /    |    \/    /|  |  /|  | \/\  ___/ 
2026-02-03T11:51:59.2838465Z \____|__  /_____ \____/ |__|    \___  >
2026-02-03T11:51:59.2838479Z         \/      \/                  \/ 
2026-02-03T11:51:59.2838493Z A P P   S E R V I C E   O N   L I N U X
2026-02-03T11:51:59.2838505Z 
2026-02-03T11:51:59.2838519Z Documentation    : http://aka.ms/webapp-linux
2026-02-03T11:51:59.2838535Z Python quickstart: https://aka.ms/python-qs
2026-02-03T11:51:59.2838548Z Python version   : 3.11.14
2026-02-03T11:51:59.2838561Z Instance Name    : lw0sdlwk000COP
2026-02-03T11:51:59.2838586Z Instance Id      : eccd1237a551ca7a712898b9f5403bc2e05d07d6f9b7df9e2aaaf7388a27f0fb
2026-02-03T11:51:59.2838598Z 
2026-02-03T11:51:59.2838640Z Note: Any data outside '/home' is not persisted
2026-02-03T11:52:07.4928390Z Starting OpenBSD Secure Shell server: sshd.
2026-02-03T11:52:07.5129589Z WEBSITES_INCLUDE_CLOUD_CERTS is not set to true.
2026-02-03T11:52:07.6023744Z Updating certificates in /etc/ssl/certs...
2026-02-03T11:52:54.0208674Z rehash: warning: skipping duplicate certificate in azl_SSL.com_TLS_ECC_Root_CA_2022.pem
2026-02-03T11:52:54.0224132Z rehash: warning: skipping duplicate certificate in azl_SSL.com_TLS_RSA_Root_CA_2022.pem
2026-02-03T11:52:54.0304179Z rehash: warning: skipping duplicate certificate in azl_Sectigo_Public_Server_Authentication_Root_E46.pem
2026-02-03T11:52:54.0523380Z rehash: warning: skipping duplicate certificate in azl_Sectigo_Public_Server_Authentication_Root_R46.pem
2026-02-03T11:52:54.1895494Z 4 added, 0 removed; done.
2026-02-03T11:52:54.1907094Z Running hooks in /etc/ca-certificates/update.d...
2026-02-03T11:52:54.2550334Z done.
2026-02-03T11:52:54.3128023Z CA certificates copied and updated successfully.
2026-02-03T11:52:54.5190021Z Site's appCommandLine: python run.py
2026-02-03T11:52:54.9265180Z Starting periodic command scheduler: cron.
2026-02-03T11:52:54.9366915Z Launching oryx with: create-script -appPath /home/site/wwwroot -output /opt/startup/startup.sh -virtualEnvName antenv -defaultApp /opt/defaultsite -userStartupCommand 'python run.py'
2026-02-03T11:52:55.3079874Z Could not find build manifest file at '/home/site/wwwroot/oryx-manifest.toml'
2026-02-03T11:52:55.3104282Z Could not find operation ID in manifest. Generating an operation id...
2026-02-03T11:52:55.3192793Z Build Operation ID: a65b4a11-99ca-404a-ac64-a4648f534334
2026-02-03T11:52:56.3823302Z Oryx Version: 0.2.20251017.2, Commit: 482d4c55e818733ab33b9d2131f9dc485a21fd03, ReleaseTagName: 20251017.2
2026-02-03T11:52:56.4583514Z Writing output script to '/opt/startup/startup.sh'
2026-02-03T11:52:57.0470675Z Using packages from virtual environment antenv located at /home/site/wwwroot/antenv.
2026-02-03T11:52:57.0554338Z Updated PYTHONPATH to '/opt/startup/app_logs:/home/site/wwwroot/antenv/lib/python3.11/site-packages'
2026-02-03T11:52:57.3307271Z python: can't open file '/home/site/wwwroot/run.py': [Errno 2] No such file or directory
2026-02-03T12:26:18.5180876Z    _____                               
2026-02-03T12:26:18.5262973Z   /  _  \ __________ _________   ____  
2026-02-03T12:26:18.5263298Z  /  /_\  \\___   /  |  \_  __ \_/ __ \ 
2026-02-03T12:26:18.5263321Z /    |    \/    /|  |  /|  | \/\  ___/ 
2026-02-03T12:26:18.5263335Z \____|__  /_____ \____/ |__|    \___  >
2026-02-03T12:26:18.5263351Z         \/      \/                  \/ 
2026-02-03T12:26:18.5263365Z A P P   S E R V I C E   O N   L I N U X
2026-02-03T12:26:18.5263377Z 
2026-02-03T12:26:18.5263401Z Documentation    : http://aka.ms/webapp-linux
2026-02-03T12:26:18.5263416Z Python quickstart: https://aka.ms/python-qs
2026-02-03T12:26:18.5263430Z Python version   : 3.11.14
2026-02-03T12:26:18.5263548Z Instance Name    : lw0sdlwk000COP
2026-02-03T12:26:18.5263602Z Instance Id      : eccd1237a551ca7a712898b9f5403bc2e05d07d6f9b7df9e2aaaf7388a27f0fb
2026-02-03T12:26:18.5263615Z 
2026-02-03T12:26:18.5263630Z Note: Any data outside '/home' is not persisted
2026-02-03T12:26:19.9546679Z Starting OpenBSD Secure Shell server: sshd.
2026-02-03T12:26:19.9826253Z WEBSITES_INCLUDE_CLOUD_CERTS is not set to true.
2026-02-03T12:26:20.1158296Z Updating certificates in /etc/ssl/certs...
2026-02-03T12:26:55.5807173Z rehash: warning: skipping duplicate certificate in azl_SSL.com_TLS_ECC_Root_CA_2022.pem
2026-02-03T12:26:55.5918622Z rehash: warning: skipping duplicate certificate in azl_SSL.com_TLS_RSA_Root_CA_2022.pem
2026-02-03T12:26:55.6214238Z rehash: warning: skipping duplicate certificate in azl_Sectigo_Public_Server_Authentication_Root_E46.pem
2026-02-03T12:26:55.7080780Z rehash: warning: skipping duplicate certificate in azl_Sectigo_Public_Server_Authentication_Root_R46.pem
2026-02-03T12:26:55.8241217Z 4 added, 0 removed; done.
2026-02-03T12:26:55.8257846Z Running hooks in /etc/ca-certificates/update.d...
2026-02-03T12:26:55.8636814Z done.
2026-02-03T12:26:55.8947960Z CA certificates copied and updated successfully.
2026-02-03T12:26:56.0647922Z Site's appCommandLine: python run.py
2026-02-03T12:26:56.6587213Z Starting periodic command scheduler: cron.
2026-02-03T12:26:56.6674727Z Launching oryx with: create-script -appPath /home/site/wwwroot -output /opt/startup/startup.sh -virtualEnvName antenv -defaultApp /opt/defaultsite -userStartupCommand 'python run.py'
2026-02-03T12:26:57.0459168Z Could not find build manifest file at '/home/site/wwwroot/oryx-manifest.toml'
2026-02-03T12:26:57.0474112Z Could not find operation ID in manifest. Generating an operation id...
2026-02-03T12:26:57.0731845Z Build Operation ID: b3e86393-7533-4c97-928c-2c605065b3ef
2026-02-03T12:26:57.7427737Z Oryx Version: 0.2.20251017.2, Commit: 482d4c55e818733ab33b9d2131f9dc485a21fd03, ReleaseTagName: 20251017.2
2026-02-03T12:26:57.7902355Z Writing output script to '/opt/startup/startup.sh'
2026-02-03T12:26:58.6319160Z Using packages from virtual environment antenv located at /home/site/wwwroot/antenv.
2026-02-03T12:26:58.6409741Z Updated PYTHONPATH to '/opt/startup/app_logs:/home/site/wwwroot/antenv/lib/python3.11/site-packages'
2026-02-03T12:26:59.0480720Z python: can't open file '/home/site/wwwroot/run.py': [Errno 2] No such file or directory
